<?xml version="1.0" encoding="UTF-8"?>
<!-- Generated by org.testng.reporters.JUnitReportReporter -->
<testsuite hostname="LPCAIQ0797" failures="0" tests="1" name="Ejada.seleniumCloud.DynamicPage" time="21.637" errors="0" timestamp="2022-08-31T12:51:12 EET" skipped="0">
  <testcase classname="Ejada.seleniumCloud.DynamicPage" name="verificationTest" time="21.637"/>
  <system-out/>
</testsuite> <!-- Ejada.seleniumCloud.DynamicPage -->
