<?xml version="1.0" encoding="UTF-8"?>
<!-- Generated by org.testng.reporters.JUnitReportReporter -->
<testsuite hostname="LPCAIQ0797" failures="0" tests="1" name="Ejada.seleniumCloud.Test_1" time="0.258" errors="0" timestamp="2022-08-21T19:58:05 EET" skipped="0">
  <testcase classname="Ejada.seleniumCloud.Test_1" name="open_test" time="0.258"/>
  <system-out/>
</testsuite> <!-- Ejada.seleniumCloud.Test_1 -->
