<?xml version="1.0" encoding="UTF-8"?>
<!-- Generated by org.testng.reporters.JUnitReportReporter -->
<testsuite hostname="LPCAIQ0797" failures="0" tests="1" name="Ejada.seleniumCloud.TestLazyLoading" time="8.045" errors="0" timestamp="2022-08-26T12:59:26 EET" skipped="0">
  <testcase classname="Ejada.seleniumCloud.TestLazyLoading" name="testLazyLoading" time="8.045"/>
  <system-out/>
</testsuite> <!-- Ejada.seleniumCloud.TestLazyLoading -->
