<?xml version="1.0" encoding="UTF-8"?>
<!-- Generated by org.testng.reporters.JUnitReportReporter -->
<testsuite hostname="LPCAIQ0797" failures="1" tests="1" name="Ejada.seleniumCloud.ContnetMatchLevel" time="26.148" errors="0" timestamp="2022-08-17T14:34:13 EET" skipped="0">
  <testcase classname="Ejada.seleniumCloud.ContnetMatchLevel" name="verificationTest" time="26.148">
    <failure message="Test &#039;verification test for content level&#039; of &#039;demo app&#039; detected differences! See details at: https://eyes.applitools.com/app/batches/00000251741561169466/00000251741561169310?accountId=OrRbYTxii0_d1UlUlImjOQ__" type="com.applitools.eyes.exceptions.DiffsFoundException">
      <![CDATA[com.applitools.eyes.exceptions.DiffsFoundException: Test 'verification test for content level' of 'demo app' detected differences! See details at: https://eyes.applitools.com/app/batches/00000251741561169466/00000251741561169310?accountId=OrRbYTxii0_d1UlUlImjOQ__
at com.applitools.eyes.EyesRunner.logSessionResultsAndThrowException(EyesRunner.java:246)
at com.applitools.eyes.selenium.Eyes.lambda$close$0(Eyes.java:492)
at java.base/java.util.ArrayList.forEach(ArrayList.java:1511)
at com.applitools.eyes.selenium.Eyes.close(Eyes.java:492)
at com.applitools.eyes.selenium.Eyes.close(Eyes.java:179)
at base.BaseTest.checkWindow(BaseTest.java:65)
at Ejada.seleniumCloud.ContnetMatchLevel.verificationTest(ContnetMatchLevel.java:12)
at java.base/jdk.internal.reflect.DirectMethodHandleAccessor.invoke(DirectMethodHandleAccessor.java:104)
at java.base/java.lang.reflect.Method.invoke(Method.java:577)
at org.testng.internal.invokers.MethodInvocationHelper.invokeMethod(MethodInvocationHelper.java:139)
at org.testng.internal.invokers.TestInvoker.invokeMethod(TestInvoker.java:677)
at org.testng.internal.invokers.TestInvoker.invokeTestMethod(TestInvoker.java:221)
at org.testng.internal.invokers.MethodRunner.runInSequence(MethodRunner.java:50)
at org.testng.internal.invokers.TestInvoker$MethodInvocationAgent.invoke(TestInvoker.java:962)
at org.testng.internal.invokers.TestInvoker.invokeTestMethods(TestInvoker.java:194)
at org.testng.internal.invokers.TestMethodWorker.invokeTestMethods(TestMethodWorker.java:148)
at org.testng.internal.invokers.TestMethodWorker.run(TestMethodWorker.java:128)
at java.base/java.util.ArrayList.forEach(ArrayList.java:1511)
at org.testng.TestRunner.privateRun(TestRunner.java:806)
at org.testng.TestRunner.run(TestRunner.java:601)
at org.testng.SuiteRunner.runTest(SuiteRunner.java:433)
at org.testng.SuiteRunner.runSequentially(SuiteRunner.java:427)
at org.testng.SuiteRunner.privateRun(SuiteRunner.java:387)
at org.testng.SuiteRunner.run(SuiteRunner.java:330)
at org.testng.SuiteRunnerWorker.runSuite(SuiteRunnerWorker.java:52)
at org.testng.SuiteRunnerWorker.run(SuiteRunnerWorker.java:95)
at org.testng.TestNG.runSuitesSequentially(TestNG.java:1256)
at org.testng.TestNG.runSuitesLocally(TestNG.java:1176)
at org.testng.TestNG.runSuites(TestNG.java:1099)
at org.testng.TestNG.run(TestNG.java:1067)
at org.testng.remote.AbstractRemoteTestNG.run(AbstractRemoteTestNG.java:115)
at org.testng.remote.RemoteTestNG.initAndRun(RemoteTestNG.java:251)
at org.testng.remote.RemoteTestNG.main(RemoteTestNG.java:77)
]]>
    </failure>
  </testcase> <!-- verificationTest -->
  <system-out/>
</testsuite> <!-- Ejada.seleniumCloud.ContnetMatchLevel -->
