<?xml version="1.0" encoding="UTF-8"?>
<!-- Generated by org.testng.reporters.JUnitReportReporter -->
<testsuite hostname="LPCAIQ0797" failures="0" tests="1" name="Ejada.seleniumCloud.LoginTest" time="12.938" errors="0" timestamp="2022-09-30T14:39:54 EET" skipped="0">
  <testcase classname="Ejada.seleniumCloud.LoginTest" name="loginValidInput" time="12.938"/>
  <system-out/>
</testsuite> <!-- Ejada.seleniumCloud.LoginTest -->
