<?xml version="1.0" encoding="UTF-8"?>
<!-- Generated by org.testng.reporters.JUnitReportReporter -->
<testsuite hostname="LPCAIQ0797" failures="0" tests="1" name="Ejada.seleniumCloud.AppTest" time="16.696" errors="0" timestamp="2022-08-10T11:57:53 EET" skipped="0">
  <testcase classname="Ejada.seleniumCloud.AppTest" name="test" time="16.696"/>
  <system-out/>
</testsuite> <!-- Ejada.seleniumCloud.AppTest -->
